<?xml version="1.0" encoding="UTF-8"?>
<Site BuildName="Linux-c++"
	BuildStamp="20231120-0351-Experimental"
	Name="toto"
	Generator="ctest-3.22.1"
	CompilerName="/usr/bin/c++"
	CompilerVersion="11.4.0"
	OSName="Linux"
	Hostname="toto"
	OSRelease="6.2.0-36-generic"
	OSVersion="#37~22.04.1-Ubuntu SMP PREEMPT_DYNAMIC Mon Oct  9 15:34:04 UTC 2"
	OSPlatform="x86_64"
	Is64Bits="1"
	VendorString="GenuineIntel"
	VendorID="Intel Corporation"
	FamilyID="6"
	ModelID="140"
	ProcessorCacheSize="12288"
	NumberOfLogicalCPU="8"
	NumberOfPhysicalCPU="4"
	TotalVirtualMemory="0"
	TotalPhysicalMemory="15592"
	LogicalProcessorsPerPhysical="2"
	ProcessorClockFrequency="2783.65"
	>
	<Testing>
		<StartDateTime>Nov 20 11:02 +07</StartDateTime>
		<StartTestTime>1700452960</StartTestTime>
		<TestList/>
		<EndDateTime>Nov 20 11:02 +07</EndDateTime>
		<EndTestTime>1700452960</EndTestTime>
		<ElapsedMinutes>0</ElapsedMinutes>
	</Testing>
</Site>
